<?xml version="1.0" encoding="UTF-8"?>
<testsuite name="org.dita.dost.writer.TestIDitaTranstypeIndexWriter" tests="1" skipped="0" failures="0" errors="0" timestamp="2019-04-08T08:33:11" hostname="travis-job-5174019a-768d-48b0-9148-27c1334d81bb" time="0.003">
  <properties/>
  <testcase name="testiditatranstypeindexwriter" classname="org.dita.dost.writer.TestIDitaTranstypeIndexWriter" time="0.003"/>
  <system-out><![CDATA[]]></system-out>
  <system-err><![CDATA[resources/iditatranstypewriter_index.xml
]]></system-err>
</testsuite>
