<?xml version="1.0" encoding="UTF-8"?>
<testsuite name="org.dita.dost.writer.TestEclipseIndexWriter" tests="1" skipped="0" failures="0" errors="0" timestamp="2019-04-08T08:33:08" hostname="travis-job-5174019a-768d-48b0-9148-27c1334d81bb" time="0.008">
  <properties/>
  <testcase name="testwrite" classname="org.dita.dost.writer.TestEclipseIndexWriter" time="0.008"/>
  <system-out><![CDATA[]]></system-out>
  <system-err><![CDATA[]]></system-err>
</testsuite>
